------------------------------------------------------------------------------------------------------------------------

[2023-11-09 18:02:12 #1 store] 
Database 'C:\Users\iaram\git\SI-patron\src\main\resources\bets.temp' is opened by 5184@LAPTOP-QG7DD9CE

[2023-11-09 18:02:12 #2 type.registry] 
New type domain.Aukera

[2023-11-09 18:02:12 #3 type] 
Type domain.Aukera is not enhanced.

[2023-11-09 18:02:12 #4 type.registry] 
New type domain.Apustua

[2023-11-09 18:02:12 #5 type.registry] 
New type java.util.Vector<domain.Apustua>

[2023-11-09 18:02:12 #6 type.registry] 
New type domain.Question

[2023-11-09 18:02:12 #7 type] 
Type domain.Apustua is not enhanced.

[2023-11-09 18:02:12 #8 type.registry] 
New type java.util.ArrayList<domain.Aukera>

[2023-11-09 18:02:12 #9 type] 
Type domain.Question is not enhanced.

[2023-11-09 18:02:12 #10 type.registry] 
New type java.util.Vector<domain.Aukera>

[2023-11-09 18:02:12 #11 type.registry] 
New type domain.Event

[2023-11-09 18:02:12 #12 type] 
Type domain.Event is not enhanced.

[2023-11-09 18:02:12 #13 type.registry] 
New type java.util.Vector<domain.Question>

[2023-11-09 18:02:12 #14 type.registry] 
New type domain.User

[2023-11-09 18:02:12 #15 type.registry] 
New type domain.Erregistratua

[2023-11-09 18:02:12 #16 type] 
Type domain.User is not enhanced.

[2023-11-09 18:02:12 #17 type] 
Type domain.Erregistratua is not enhanced.

[2023-11-09 18:02:12 #18 type.registry] 
New type domain.Mezua

[2023-11-09 18:02:12 #19 type.registry] 
New type java.util.ArrayList<domain.Mezua>

[2023-11-09 18:02:12 #20 type.registry] 
New type java.util.ArrayList<java.lang.String>

[2023-11-09 18:02:12 #21 type.registry] 
New type domain.Mugimendua

[2023-11-09 18:02:12 #22 type.registry] 
New type java.util.ArrayList<domain.Mugimendua>

[2023-11-09 18:02:12 #23 type] 
Type domain.Mezua is not enhanced.

[2023-11-09 18:02:12 #24 type] 
Type domain.Mugimendua is not enhanced.

[2023-11-09 18:02:12 #25 type.registry] 
New type domain.Admin

[2023-11-09 18:02:12 #26 type] 
Type domain.Admin is not enhanced.

[2023-11-09 18:02:12 #27 type.registry] 
New type domain.Editorea

[2023-11-09 18:02:12 #28 type] 
Type domain.Editorea is not enhanced.

[2023-11-09 18:02:12 #29 type.registry] 
New type java.util.Vector<java.lang.Object>

[2023-11-09 18:02:12 #30 type.registry] 
New type java.util.ArrayList<java.lang.Object>

------------------------------------------------------------------------------------------------------------------------

[2023-11-09 18:02:54 #1 store] 
Database 'C:\Users\iaram\git\SI-patron\src\main\resources\bets.temp' is opened by 36812@LAPTOP-QG7DD9CE

[2023-11-09 18:02:54 #2 type.registry] 
New type domain.Aukera

[2023-11-09 18:02:54 #3 type] 
Type domain.Aukera is not enhanced.

[2023-11-09 18:02:54 #4 type.registry] 
New type domain.Apustua

[2023-11-09 18:02:54 #5 type.registry] 
New type java.util.Vector<domain.Apustua>

[2023-11-09 18:02:54 #6 type.registry] 
New type domain.Question

[2023-11-09 18:02:54 #7 type] 
Type domain.Apustua is not enhanced.

[2023-11-09 18:02:54 #8 type.registry] 
New type java.util.ArrayList<domain.Aukera>

[2023-11-09 18:02:54 #9 type] 
Type domain.Question is not enhanced.

[2023-11-09 18:02:54 #10 type.registry] 
New type java.util.Vector<domain.Aukera>

[2023-11-09 18:02:54 #11 type.registry] 
New type domain.Event

[2023-11-09 18:02:54 #12 type] 
Type domain.Event is not enhanced.

[2023-11-09 18:02:54 #13 type.registry] 
New type java.util.Vector<domain.Question>

[2023-11-09 18:02:54 #14 type.registry] 
New type domain.User

[2023-11-09 18:02:54 #15 type.registry] 
New type domain.Erregistratua

[2023-11-09 18:02:54 #16 type] 
Type domain.User is not enhanced.

[2023-11-09 18:02:54 #17 type] 
Type domain.Erregistratua is not enhanced.

[2023-11-09 18:02:54 #18 type.registry] 
New type domain.Mezua

[2023-11-09 18:02:54 #19 type.registry] 
New type java.util.ArrayList<domain.Mezua>

[2023-11-09 18:02:54 #20 type.registry] 
New type java.util.ArrayList<java.lang.String>

[2023-11-09 18:02:54 #21 type.registry] 
New type domain.Mugimendua

[2023-11-09 18:02:54 #22 type.registry] 
New type java.util.ArrayList<domain.Mugimendua>

[2023-11-09 18:02:54 #23 type] 
Type domain.Mezua is not enhanced.

[2023-11-09 18:02:54 #24 type] 
Type domain.Mugimendua is not enhanced.

[2023-11-09 18:02:54 #25 type.registry] 
New type domain.Admin

[2023-11-09 18:02:54 #26 type] 
Type domain.Admin is not enhanced.

[2023-11-09 18:02:54 #27 type.registry] 
New type domain.Editorea

[2023-11-09 18:02:54 #28 type] 
Type domain.Editorea is not enhanced.

[2023-11-09 18:02:54 #29 type.registry] 
New type java.util.Vector<java.lang.Object>

[2023-11-09 18:02:54 #30 type.registry] 
New type java.util.ArrayList<java.lang.Object>

------------------------------------------------------------------------------------------------------------------------

[2023-11-09 18:07:28 #1 store] 
Database 'C:\Users\iaram\git\SI-patron\src\main\resources\bets.temp' is opened by 33724@LAPTOP-QG7DD9CE

[2023-11-09 18:07:28 #2 type.registry] 
New type domain.Aukera

[2023-11-09 18:07:28 #3 type] 
Type domain.Aukera is not enhanced.

[2023-11-09 18:07:28 #4 type.registry] 
New type domain.Apustua

[2023-11-09 18:07:28 #5 type.registry] 
New type java.util.Vector<domain.Apustua>

[2023-11-09 18:07:28 #6 type.registry] 
New type domain.Question

[2023-11-09 18:07:28 #7 type] 
Type domain.Apustua is not enhanced.

[2023-11-09 18:07:28 #8 type.registry] 
New type java.util.ArrayList<domain.Aukera>

[2023-11-09 18:07:28 #9 type] 
Type domain.Question is not enhanced.

[2023-11-09 18:07:28 #10 type.registry] 
New type java.util.Vector<domain.Aukera>

[2023-11-09 18:07:28 #11 type.registry] 
New type domain.Event

[2023-11-09 18:07:28 #12 type] 
Type domain.Event is not enhanced.

[2023-11-09 18:07:28 #13 type.registry] 
New type java.util.Vector<domain.Question>

[2023-11-09 18:07:28 #14 type.registry] 
New type domain.User

[2023-11-09 18:07:28 #15 type.registry] 
New type domain.Erregistratua

[2023-11-09 18:07:28 #16 type] 
Type domain.User is not enhanced.

[2023-11-09 18:07:28 #17 type] 
Type domain.Erregistratua is not enhanced.

[2023-11-09 18:07:28 #18 type.registry] 
New type domain.Mezua

[2023-11-09 18:07:28 #19 type.registry] 
New type java.util.ArrayList<domain.Mezua>

[2023-11-09 18:07:28 #20 type.registry] 
New type java.util.ArrayList<java.lang.String>

[2023-11-09 18:07:28 #21 type.registry] 
New type domain.Mugimendua

[2023-11-09 18:07:28 #22 type.registry] 
New type java.util.ArrayList<domain.Mugimendua>

[2023-11-09 18:07:28 #23 type] 
Type domain.Mezua is not enhanced.

[2023-11-09 18:07:28 #24 type] 
Type domain.Mugimendua is not enhanced.

[2023-11-09 18:07:28 #25 type.registry] 
New type domain.Admin

[2023-11-09 18:07:28 #26 type] 
Type domain.Admin is not enhanced.

[2023-11-09 18:07:28 #27 type.registry] 
New type domain.Editorea

[2023-11-09 18:07:28 #28 type] 
Type domain.Editorea is not enhanced.

[2023-11-09 18:07:28 #29 type.registry] 
New type java.util.Vector<java.lang.Object>

[2023-11-09 18:07:28 #30 type.registry] 
New type java.util.ArrayList<java.lang.Object>

------------------------------------------------------------------------------------------------------------------------

[2023-11-09 18:08:34 #1 store] 
Database 'C:\Users\iaram\git\SI-patron\src\main\resources\bets.temp' is opened by 14332@LAPTOP-QG7DD9CE

[2023-11-09 18:08:34 #2 type.registry] 
New type domain.Aukera

[2023-11-09 18:08:34 #3 type] 
Type domain.Aukera is not enhanced.

[2023-11-09 18:08:34 #4 type.registry] 
New type domain.Apustua

[2023-11-09 18:08:34 #5 type.registry] 
New type java.util.Vector<domain.Apustua>

[2023-11-09 18:08:34 #6 type.registry] 
New type domain.Question

[2023-11-09 18:08:34 #7 type] 
Type domain.Apustua is not enhanced.

[2023-11-09 18:08:34 #8 type.registry] 
New type java.util.ArrayList<domain.Aukera>

[2023-11-09 18:08:34 #9 type] 
Type domain.Question is not enhanced.

[2023-11-09 18:08:34 #10 type.registry] 
New type java.util.Vector<domain.Aukera>

[2023-11-09 18:08:34 #11 type.registry] 
New type domain.Event

[2023-11-09 18:08:34 #12 type] 
Type domain.Event is not enhanced.

[2023-11-09 18:08:34 #13 type.registry] 
New type java.util.Vector<domain.Question>

[2023-11-09 18:08:34 #14 type.registry] 
New type domain.User

[2023-11-09 18:08:34 #15 type.registry] 
New type domain.Erregistratua

[2023-11-09 18:08:34 #16 type] 
Type domain.User is not enhanced.

[2023-11-09 18:08:34 #17 type] 
Type domain.Erregistratua is not enhanced.

[2023-11-09 18:08:34 #18 type.registry] 
New type domain.Mezua

[2023-11-09 18:08:34 #19 type.registry] 
New type java.util.ArrayList<domain.Mezua>

[2023-11-09 18:08:34 #20 type.registry] 
New type java.util.ArrayList<java.lang.String>

[2023-11-09 18:08:34 #21 type.registry] 
New type domain.Mugimendua

[2023-11-09 18:08:34 #22 type.registry] 
New type java.util.ArrayList<domain.Mugimendua>

[2023-11-09 18:08:34 #23 type] 
Type domain.Mezua is not enhanced.

[2023-11-09 18:08:34 #24 type] 
Type domain.Mugimendua is not enhanced.

[2023-11-09 18:08:34 #25 type.registry] 
New type domain.Admin

[2023-11-09 18:08:34 #26 type] 
Type domain.Admin is not enhanced.

[2023-11-09 18:08:34 #27 type.registry] 
New type domain.Editorea

[2023-11-09 18:08:34 #28 type] 
Type domain.Editorea is not enhanced.

[2023-11-09 18:08:34 #29 type.registry] 
New type java.util.Vector<java.lang.Object>

[2023-11-09 18:08:34 #30 type.registry] 
New type java.util.ArrayList<java.lang.Object>

